\BOOKMARK [0][-]{chapter*.1}{\376\377\000S\000t\000r\000e\000s\000z\000c\000z\000e\000n\000i\000e}{}% 1
\BOOKMARK [0][-]{chapter*.2}{\376\377\000A\000b\000s\000t\000r\000a\000c\000t}{}% 2
\BOOKMARK [0][-]{chapter.1}{\376\377\000O\000p\000i\000s\000\040\000z\000a\001\102\000o\001\174\000e\001\104\000\040\000p\000r\000o\000j\000e\000k\000t\000u}{}% 3
\BOOKMARK [1][-]{section.1.1}{\376\377\000C\000e\000l\000\040\000p\000r\000o\000j\000e\000k\000t\000u}{chapter.1}% 4
\BOOKMARK [1][-]{section.1.2}{\376\377\000Z\000a\000k\000r\000e\000s\000\040\000p\000r\000o\000j\000e\000k\000t\000u}{chapter.1}% 5
\BOOKMARK [1][-]{section.1.3}{\376\377\000U\000z\000a\000s\000a\000d\000n\000i\000e\000n\000i\000e\000\040\000w\000y\000b\000o\000r\000u\000\040\000t\000e\000m\000a\000t\000u}{chapter.1}% 6
\BOOKMARK [1][-]{section.1.4}{\376\377\000T\000e\000c\000h\000n\000o\000l\000o\000g\000i\000e}{chapter.1}% 7
\BOOKMARK [1][-]{section.1.5}{\376\377\000S\000t\000r\000u\000k\000t\000u\000r\000a\000\040\000p\000r\000a\000c\000y}{chapter.1}% 8
\BOOKMARK [0][-]{chapter.2}{\376\377\000A\000n\000a\000l\000i\000z\000a\000\040\000i\000\040\000p\000r\000o\000j\000e\000k\000t\000\040\000s\000y\000s\000t\000e\000m\000u}{}% 9
\BOOKMARK [1][-]{section.2.1}{\376\377\000O\000p\000i\000s\000\040\000f\000u\000n\000k\000c\000j\000o\000n\000a\000l\000n\000y\000\040\000s\000y\000s\000t\000e\000m\000u}{chapter.2}% 10
\BOOKMARK [1][-]{section.2.2}{\376\377\000D\000i\000a\000g\000r\000a\000m\000\040\000k\000o\000n\000c\000e\000p\000c\000y\000j\000n\000y\000\040\000b\000a\000z\000y\000\040\000d\000a\000n\000y\000c\000h}{chapter.2}% 11
\BOOKMARK [1][-]{section.2.3}{\376\377\000D\000i\000a\000g\000r\000a\000m\000\040\000k\000l\000a\000s\000\040\000\050\000d\000z\000i\000e\000d\000z\000i\000c\000z\000e\000n\000i\000e\000\051}{chapter.2}% 12
\BOOKMARK [1][-]{section.2.4}{\376\377\000O\000p\000i\000s\000\040\000s\000t\000r\000u\000k\000t\000u\000r\000\040\000d\000a\000n\000y\000c\000h}{chapter.2}% 13
\BOOKMARK [0][-]{chapter.3}{\376\377\000H\000a\000r\000m\000o\000n\000o\000g\000r\000a\000m\000\040\000r\000e\000a\000l\000i\000z\000a\000c\000j\000i\000\040\000p\000r\000o\000j\000e\000k\000t\000u}{}% 14
\BOOKMARK [1][-]{section.3.1}{\376\377\000E\000t\000a\000p\000y\000\040\000r\000e\000a\000l\000i\000z\000a\000c\000j\000i}{chapter.3}% 15
\BOOKMARK [1][-]{section.3.2}{\376\377\000W\000i\000z\000u\000a\000l\000i\000z\000a\000c\000j\000a\000\040\000h\000a\000r\000m\000o\000n\000o\000g\000r\000a\000m\000u}{chapter.3}% 16
\BOOKMARK [0][-]{chapter.4}{\376\377\000P\000r\000e\000z\000e\000n\000t\000a\000c\000j\000a\000\040\000w\000a\000r\000s\000t\000w\000y\000\040\000u\001\174\000y\000t\000k\000o\000w\000e\000j\000\040\000p\000r\000o\000j\000e\000k\000t\000u}{}% 17
\BOOKMARK [1][-]{section.4.1}{\376\377\000O\000k\000n\000o\000\040\000p\000o\000w\000i\000t\000a\000l\000n\000e}{chapter.4}% 18
\BOOKMARK [1][-]{section.4.2}{\376\377\000P\000a\000n\000e\000l\000\040\000l\000o\000g\000o\000w\000a\000n\000i\000a}{chapter.4}% 19
\BOOKMARK [1][-]{section.4.3}{\376\377\000P\000a\000n\000e\000l\000\040\000s\000e\000k\000r\000e\000t\000a\000r\000i\000a\000t\000u}{chapter.4}% 20
\BOOKMARK [1][-]{section.4.4}{\376\377\000Z\000a\000r\000z\001\005\000d\000z\000a\000n\000i\000e\000\040\000l\000e\000k\000a\000r\000z\000a\000m\000i}{chapter.4}% 21
\BOOKMARK [1][-]{section.4.5}{\376\377\000P\000a\000n\000e\000l\000\040\000p\000a\000c\000j\000e\000n\000t\000a}{chapter.4}% 22
\BOOKMARK [1][-]{section.4.6}{\376\377\000F\000o\000r\000m\000u\000l\000a\000r\000z\000\040\000d\000a\000n\000y\000c\000h\000\040\000p\000a\000c\000j\000e\000n\000t\000a}{chapter.4}% 23
\BOOKMARK [1][-]{section.4.7}{\376\377\000F\000o\000r\000m\000u\000l\000a\000r\000z\000\040\000r\000e\000z\000e\000r\000w\000a\000c\000j\000i\000\040\000w\000i\000z\000y\000t\000y}{chapter.4}% 24
\BOOKMARK [1][-]{section.4.8}{\376\377\000T\000a\000b\000e\000l\000a\000\040\000w\000i\000z\000y\000t}{chapter.4}% 25
\BOOKMARK [1][-]{section.4.9}{\376\377\000T\000w\000o\000r\000z\000e\000n\000i\000e\000\040\000d\000a\000n\000y\000c\000h\000\040\000l\000o\000g\000o\000w\000a\000n\000i\000a\000\040\000p\000a\000c\000j\000e\000n\000t\000a}{chapter.4}% 26
\BOOKMARK [0][-]{chapter.5}{\376\377\000I\000m\000p\000l\000e\000m\000e\000n\000t\000a\000c\000j\000a}{}% 27
\BOOKMARK [1][-]{section.5.1}{\376\377\000S\000t\000r\000u\000k\000t\000u\000r\000a\000\040\000p\000r\000o\000j\000e\000k\000t\000u}{chapter.5}% 28
\BOOKMARK [1][-]{section.5.2}{\376\377\000T\000e\000c\000h\000n\000o\000l\000o\000g\000i\000e}{chapter.5}% 29
\BOOKMARK [1][-]{section.5.3}{\376\377\000K\000l\000u\000c\000z\000o\000w\000e\000\040\000k\000l\000a\000s\000y}{chapter.5}% 30
\BOOKMARK [1][-]{section.5.4}{\376\377\000P\000r\000z\000y\000k\001\102\000a\000d\000o\000w\000e\000\040\000f\000r\000a\000g\000m\000e\000n\000t\000y\000\040\000k\000o\000d\000u}{chapter.5}% 31
\BOOKMARK [2][-]{subsection.5.4.1}{\376\377\000K\000l\000a\000s\000a\000\040\000D\000o\000c\000t\000o\000r}{section.5.4}% 32
\BOOKMARK [2][-]{subsection.5.4.2}{\376\377\000M\000e\000t\000o\000d\000a\000\040\000l\000o\000g\000o\000w\000a\000n\000i\000a\000\040\000u\001\174\000y\000t\000k\000o\000w\000n\000i\000k\000a}{section.5.4}% 33
\BOOKMARK [1][-]{section.5.5}{\376\377\000O\000b\000s\001\102\000u\000g\000a\000\040\000w\000y\000j\001\005\000t\000k\000\363\000w\000\040\000i\000\040\000w\000a\000l\000i\000d\000a\000c\000j\000a}{chapter.5}% 34
\BOOKMARK [2][-]{subsection.5.5.1}{\376\377\000N\000i\000e\000p\000o\000p\000r\000a\000w\000n\000e\000\040\000d\000a\000n\000e\000\040\000l\000o\000g\000o\000w\000a\000n\000i\000a}{section.5.5}% 35
\BOOKMARK [2][-]{subsection.5.5.2}{\376\377\000I\000s\000t\000n\000i\000e\000j\001\005\000c\000y\000\040\000l\000o\000g\000i\000n\000\040\000p\000o\000d\000c\000z\000a\000s\000\040\000r\000e\000j\000e\000s\000t\000r\000a\000c\000j\000i}{section.5.5}% 36
\BOOKMARK [2][-]{subsection.5.5.3}{\376\377\000K\000o\000n\000f\000l\000i\000k\000t\000\040\000t\000e\000r\000m\000i\000n\000\363\000w\000\040\000w\000i\000z\000y\000t}{section.5.5}% 37
\BOOKMARK [0][-]{chapter.6}{\376\377\000T\000e\000s\000t\000o\000w\000a\000n\000i\000e\000\040\000i\000\040\000p\000o\000d\000s\000u\000m\000o\000w\000a\000n\000i\000e}{}% 38
\BOOKMARK [1][-]{section.6.1}{\376\377\000T\000e\000s\000t\000o\000w\000a\000n\000i\000e\000\040\000s\000y\000s\000t\000e\000m\000u}{chapter.6}% 39
\BOOKMARK [2][-]{subsection.6.1.1}{\376\377\000T\000e\000s\000t\000y\000\040\000j\000e\000d\000n\000o\000s\000t\000k\000o\000w\000e}{section.6.1}% 40
\BOOKMARK [2][-]{subsection.6.1.2}{\376\377\000T\000e\000s\000t\000y\000\040\000i\000n\000t\000e\000g\000r\000a\000c\000y\000j\000n\000e}{section.6.1}% 41
\BOOKMARK [2][-]{subsection.6.1.3}{\376\377\000T\000e\000s\000t\000y\000\040\000u\001\174\000y\000t\000k\000o\000w\000e}{section.6.1}% 42
\BOOKMARK [1][-]{section.6.2}{\376\377\000P\000o\000d\000s\000u\000m\000o\000w\000a\000n\000i\000e}{chapter.6}% 43
\BOOKMARK [1][-]{section.6.2}{\376\377\000B\000i\000b\000l\000i\000o\000g\000r\000a\000f\000i\000a}{chapter.6}% 44
\BOOKMARK [1][-]{chapter*.18}{\376\377\000S\000p\000i\000s\000\040\000r\000y\000s\000u\000n\000k\000\363\000w}{chapter.6}% 45
\BOOKMARK [1][-]{chapter*.18}{\376\377\000S\000p\000i\000s\000\040\000l\000i\000s\000t\000i\000n\000g\000\363\000w}{chapter.6}% 46
